#
# There is insufficient memory for the Java Runtime Environment to continue.
# Native memory allocation (malloc) failed to allocate 32744 bytes for ChunkPool::allocate
# Possible reasons:
#   The system is out of physical RAM or swap space
#   The process is running with CompressedOops enabled, and the Java Heap may be blocking the growth of the native heap
# Possible solutions:
#   Reduce memory load on the system
#   Increase physical memory or swap space
#   Check if swap backing store is full
#   Decrease Java heap size (-Xmx/-Xms)
#   Decrease number of Java threads
#   Decrease Java thread stack sizes (-Xss)
#   Set larger code cache with -XX:ReservedCodeCacheSize=
#   JVM is running with Unscaled Compressed Oops mode in which the Java heap is
#     placed in the first 4GB address space. The Java Heap base address is the
#     maximum limit for the native heap growth. Please use -XX:HeapBaseMinAddress
#     to set the Java Heap base and to place the Java Heap above 4GB virtual address.
# This output file may be truncated or incomplete.
#
#  Out of Memory Error (arena.cpp:79), pid=23640, tid=3400
#
# JRE version: OpenJDK Runtime Environment (16.0.1+9) (build 16.0.1+9-24)
# Java VM: OpenJDK 64-Bit Server VM (16.0.1+9-24, mixed mode, tiered, compressed oops, compressed class ptrs, g1 gc, windows-amd64)
# No core dump will be written. Minidumps are not enabled by default on client versions of Windows
#

---------------  S U M M A R Y ------------

Command Line: -Dfile.encoding=UTF-8 -XX:+ShowCodeDetailsInExceptionMessages Apllication.Apllication

Host: Intel(R) Core(TM) i5-6300HQ CPU @ 2.30GHz, 4 cores, 7G,  Windows 10 , 64 bit Build 19041 (10.0.19041.1151)
Time: Tue Dec 21 22:20:15 2021  Windows 10 , 64 bit Build 19041 (10.0.19041.1151) elapsed time: 4.242690 seconds (0d 0h 0m 4s)

---------------  T H R E A D  ---------------

Current thread (0x000001d8ff71ad20):  JavaThread "C2 CompilerThread0" daemon [_thread_in_native, id=3400, stack(0x000000d28e700000,0x000000d28e800000)]


Current CompileTask:
C2:   4242 2153       4       org.jsoup.parser.HtmlTreeBuilderState$7::inBodyStartTag (2994 bytes)

Stack: [0x000000d28e700000,0x000000d28e800000]
Native frames: (J=compiled Java code, j=interpreted, Vv=VM code, C=native code)
V  [jvm.dll+0x6687ca]
V  [jvm.dll+0x7ca3c9]
V  [jvm.dll+0x7cbb53]
V  [jvm.dll+0x7cc1b3]
V  [jvm.dll+0x242ea5]
V  [jvm.dll+0xae25f]
V  [jvm.dll+0xae5ac]
V  [jvm.dll+0x360ac0]
V  [jvm.dll+0x360011]
V  [jvm.dll+0x360054]
V  [jvm.dll+0x557891]
V  [jvm.dll+0x558063]
V  [jvm.dll+0x325400]
V  [jvm.dll+0x32487a]
V  [jvm.dll+0x215f3c]
V  [jvm.dll+0x215350]
V  [jvm.dll+0x1a1d9b]
V  [jvm.dll+0x2253a8]
V  [jvm.dll+0x2233ec]
V  [jvm.dll+0x780002]
V  [jvm.dll+0x779b4a]
V  [jvm.dll+0x667666]
C  [ucrtbase.dll+0x21bb2]
C  [KERNEL32.DLL+0x17034]
C  [ntdll.dll+0x52651]


---------------  P R O C E S S  ---------------

Threads class SMR info:
_java_thread_list=0x000001d881474570, length=13, elements={
0x000001d8e6138780, 0x000001d8ff6b7760, 0x000001d8ff6b8420, 0x000001d8ff711000,
0x000001d8ff6d5f50, 0x000001d8ff6d6470, 0x000001d8ff6d6d80, 0x000001d8ff71ad20,
0x000001d880917940, 0x000001d88091a2b0, 0x000001d880a20f30, 0x000001d880a25470,
0x000001d88107dad0
}

Java Threads: ( => current thread )
  0x000001d8e6138780 JavaThread "main" [_thread_in_native, id=23960, stack(0x000000d28da00000,0x000000d28db00000)]
  0x000001d8ff6b7760 JavaThread "Reference Handler" daemon [_thread_blocked, id=9500, stack(0x000000d28e100000,0x000000d28e200000)]
  0x000001d8ff6b8420 JavaThread "Finalizer" daemon [_thread_blocked, id=23856, stack(0x000000d28e200000,0x000000d28e300000)]
  0x000001d8ff711000 JavaThread "Signal Dispatcher" daemon [_thread_blocked, id=19772, stack(0x000000d28e300000,0x000000d28e400000)]
  0x000001d8ff6d5f50 JavaThread "Attach Listener" daemon [_thread_blocked, id=5132, stack(0x000000d28e400000,0x000000d28e500000)]
  0x000001d8ff6d6470 JavaThread "Service Thread" daemon [_thread_blocked, id=21616, stack(0x000000d28e500000,0x000000d28e600000)]
  0x000001d8ff6d6d80 JavaThread "Monitor Deflation Thread" daemon [_thread_blocked, id=20944, stack(0x000000d28e600000,0x000000d28e700000)]
=>0x000001d8ff71ad20 JavaThread "C2 CompilerThread0" daemon [_thread_in_native, id=3400, stack(0x000000d28e700000,0x000000d28e800000)]
  0x000001d880917940 JavaThread "C1 CompilerThread0" daemon [_thread_blocked, id=10268, stack(0x000000d28e800000,0x000000d28e900000)]
  0x000001d88091a2b0 JavaThread "Sweeper thread" daemon [_thread_blocked, id=19412, stack(0x000000d28e900000,0x000000d28ea00000)]
  0x000001d880a20f30 JavaThread "Notification Thread" daemon [_thread_blocked, id=13572, stack(0x000000d28ea00000,0x000000d28eb00000)]
  0x000001d880a25470 JavaThread "Common-Cleaner" daemon [_thread_blocked, id=21172, stack(0x000000d28ec00000,0x000000d28ed00000)]
  0x000001d88107dad0 JavaThread "Keep-Alive-Timer" daemon [_thread_blocked, id=8632, stack(0x000000d28f100000,0x000000d28f200000)]

Other Threads:
  0x000001d8ff6b3f50 VMThread "VM Thread" [stack: 0x000000d28e000000,0x000000d28e100000] [id=23808]
  0x000001d8ff64d6d0 WatcherThread [stack: 0x000000d28eb00000,0x000000d28ec00000] [id=29220]
  0x000001d8e6177de0 GCTaskThread "GC Thread#0" [stack: 0x000000d28db00000,0x000000d28dc00000] [id=8628]
  0x000001d880ea2920 GCTaskThread "GC Thread#1" [stack: 0x000000d28ee00000,0x000000d28ef00000] [id=24060]
  0x000001d880d02c60 GCTaskThread "GC Thread#2" [stack: 0x000000d28ef00000,0x000000d28f000000] [id=22320]
  0x000001d880d02f70 GCTaskThread "GC Thread#3" [stack: 0x000000d28f000000,0x000000d28f100000] [id=28764]
  0x000001d8e6189af0 ConcurrentGCThread "G1 Main Marker" [stack: 0x000000d28dc00000,0x000000d28dd00000] [id=9064]
  0x000001d8e618b470 ConcurrentGCThread "G1 Conc#0" [stack: 0x000000d28dd00000,0x000000d28de00000] [id=21332]
  0x000001d8e6203c60 ConcurrentGCThread "G1 Refine#0" [stack: 0x000000d28de00000,0x000000d28df00000] [id=7748]
  0x000001d8e62045e0 ConcurrentGCThread "G1 Service" [stack: 0x000000d28df00000,0x000000d28e000000] [id=14284]

Threads with active compile tasks:
C2 CompilerThread0     4290 2153       4       org.jsoup.parser.HtmlTreeBuilderState$7::inBodyStartTag (2994 bytes)

VM state: not at safepoint (normal execution)

VM Mutex/Monitor currently owned by a thread: None

Heap address: 0x0000000081a00000, size: 2022 MB, Compressed Oops mode: 32-bit

CDS disabled.
Compressed class space mapped at: 0x0000000100000000-0x0000000140000000, reserved size: 1073741824
Narrow klass base: 0x0000000000000000, Narrow klass shift: 3, Narrow klass range: 0x140000000

GC Precious Log:
 CPUs: 4 total, 4 available
 Memory: 8080M
 Large Page Support: Disabled
 NUMA Support: Disabled
 Compressed Oops: Enabled (32-bit)
 Heap Region Size: 1M
 Heap Min Capacity: 8M
 Heap Initial Capacity: 128M
 Heap Max Capacity: 2022M
 Pre-touch: Disabled
 Parallel Workers: 4
 Concurrent Workers: 1
 Concurrent Refinement Workers: 4
 Periodic GC: Disabled

Heap:
 garbage-first heap   total 131072K, used 24776K [0x0000000081a00000, 0x0000000100000000)
  region size 1024K, 21 young (21504K), 1 survivors (1024K)
 Metaspace       used 18104K, committed 18304K, reserved 1073152K
  class space    used 1713K, committed 1792K, reserved 1048576K

Heap Regions: E=young(eden), S=young(survivor), O=old, HS=humongous(starts), HC=humongous(continues), CS=collection set, F=free, OA=open archive, CA=closed archive, TAMS=top-at-mark-start (previous, next)
|   0|0x0000000081a00000, 0x0000000081b00000, 0x0000000081b00000|100%| O|  |TAMS 0x0000000081a00000, 0x0000000081a00000| Untracked 
|   1|0x0000000081b00000, 0x0000000081c00000, 0x0000000081c00000|100%| O|  |TAMS 0x0000000081b00000, 0x0000000081b00000| Untracked 
|   2|0x0000000081c00000, 0x0000000081d00000, 0x0000000081d00000|100%| O|  |TAMS 0x0000000081c00000, 0x0000000081c00000| Untracked 
|   3|0x0000000081d00000, 0x0000000081e00000, 0x0000000081e00000|100%| O|  |TAMS 0x0000000081d00000, 0x0000000081d00000| Untracked 
|   4|0x0000000081e00000, 0x0000000081f00000, 0x0000000081f00000|100%| O|  |TAMS 0x0000000081e00000, 0x0000000081e00000| Untracked 
|   5|0x0000000081f00000, 0x0000000081f67200, 0x0000000082000000| 40%| O|  |TAMS 0x0000000081f00000, 0x0000000081f00000| Untracked 
|   6|0x0000000082000000, 0x0000000082000000, 0x0000000082100000|  0%| F|  |TAMS 0x0000000082000000, 0x0000000082000000| Untracked 
|   7|0x0000000082100000, 0x0000000082100000, 0x0000000082200000|  0%| F|  |TAMS 0x0000000082100000, 0x0000000082100000| Untracked 
|   8|0x0000000082200000, 0x0000000082200000, 0x0000000082300000|  0%| F|  |TAMS 0x0000000082200000, 0x0000000082200000| Untracked 
|   9|0x0000000082300000, 0x0000000082300000, 0x0000000082400000|  0%| F|  |TAMS 0x0000000082300000, 0x0000000082300000| Untracked 
|  10|0x0000000082400000, 0x0000000082400000, 0x0000000082500000|  0%| F|  |TAMS 0x0000000082400000, 0x0000000082400000| Untracked 
|  11|0x0000000082500000, 0x0000000082500000, 0x0000000082600000|  0%| F|  |TAMS 0x0000000082500000, 0x0000000082500000| Untracked 
|  12|0x0000000082600000, 0x0000000082600000, 0x0000000082700000|  0%| F|  |TAMS 0x0000000082600000, 0x0000000082600000| Untracked 
|  13|0x0000000082700000, 0x0000000082700000, 0x0000000082800000|  0%| F|  |TAMS 0x0000000082700000, 0x0000000082700000| Untracked 
|  14|0x0000000082800000, 0x0000000082800000, 0x0000000082900000|  0%| F|  |TAMS 0x0000000082800000, 0x0000000082800000| Untracked 
|  15|0x0000000082900000, 0x0000000082900000, 0x0000000082a00000|  0%| F|  |TAMS 0x0000000082900000, 0x0000000082900000| Untracked 
|  16|0x0000000082a00000, 0x0000000082a00000, 0x0000000082b00000|  0%| F|  |TAMS 0x0000000082a00000, 0x0000000082a00000| Untracked 
|  17|0x0000000082b00000, 0x0000000082b00000, 0x0000000082c00000|  0%| F|  |TAMS 0x0000000082b00000, 0x0000000082b00000| Untracked 
|  18|0x0000000082c00000, 0x0000000082c00000, 0x0000000082d00000|  0%| F|  |TAMS 0x0000000082c00000, 0x0000000082c00000| Untracked 
|  19|0x0000000082d00000, 0x0000000082d00000, 0x0000000082e00000|  0%| F|  |TAMS 0x0000000082d00000, 0x0000000082d00000| Untracked 
|  20|0x0000000082e00000, 0x0000000082e00000, 0x0000000082f00000|  0%| F|  |TAMS 0x0000000082e00000, 0x0000000082e00000| Untracked 
|  21|0x0000000082f00000, 0x0000000082f00000, 0x0000000083000000|  0%| F|  |TAMS 0x0000000082f00000, 0x0000000082f00000| Untracked 
|  22|0x0000000083000000, 0x0000000083000000, 0x0000000083100000|  0%| F|  |TAMS 0x0000000083000000, 0x0000000083000000| Untracked 
|  23|0x0000000083100000, 0x0000000083100000, 0x0000000083200000|  0%| F|  |TAMS 0x0000000083100000, 0x0000000083100000| Untracked 
|  24|0x0000000083200000, 0x0000000083200000, 0x0000000083300000|  0%| F|  |TAMS 0x0000000083200000, 0x0000000083200000| Untracked 
|  25|0x0000000083300000, 0x0000000083300000, 0x0000000083400000|  0%| F|  |TAMS 0x0000000083300000, 0x0000000083300000| Untracked 
|  26|0x0000000083400000, 0x0000000083400000, 0x0000000083500000|  0%| F|  |TAMS 0x0000000083400000, 0x0000000083400000| Untracked 
|  27|0x0000000083500000, 0x0000000083500000, 0x0000000083600000|  0%| F|  |TAMS 0x0000000083500000, 0x0000000083500000| Untracked 
|  28|0x0000000083600000, 0x0000000083600000, 0x0000000083700000|  0%| F|  |TAMS 0x0000000083600000, 0x0000000083600000| Untracked 
|  29|0x0000000083700000, 0x0000000083700000, 0x0000000083800000|  0%| F|  |TAMS 0x0000000083700000, 0x0000000083700000| Untracked 
|  30|0x0000000083800000, 0x0000000083800000, 0x0000000083900000|  0%| F|  |TAMS 0x0000000083800000, 0x0000000083800000| Untracked 
|  31|0x0000000083900000, 0x0000000083900000, 0x0000000083a00000|  0%| F|  |TAMS 0x0000000083900000, 0x0000000083900000| Untracked 
|  32|0x0000000083a00000, 0x0000000083a00000, 0x0000000083b00000|  0%| F|  |TAMS 0x0000000083a00000, 0x0000000083a00000| Untracked 
|  33|0x0000000083b00000, 0x0000000083b00000, 0x0000000083c00000|  0%| F|  |TAMS 0x0000000083b00000, 0x0000000083b00000| Untracked 
|  34|0x0000000083c00000, 0x0000000083c00000, 0x0000000083d00000|  0%| F|  |TAMS 0x0000000083c00000, 0x0000000083c00000| Untracked 
|  35|0x0000000083d00000, 0x0000000083d00000, 0x0000000083e00000|  0%| F|  |TAMS 0x0000000083d00000, 0x0000000083d00000| Untracked 
|  36|0x0000000083e00000, 0x0000000083e00000, 0x0000000083f00000|  0%| F|  |TAMS 0x0000000083e00000, 0x0000000083e00000| Untracked 
|  37|0x0000000083f00000, 0x0000000083f00000, 0x0000000084000000|  0%| F|  |TAMS 0x0000000083f00000, 0x0000000083f00000| Untracked 
|  38|0x0000000084000000, 0x0000000084000000, 0x0000000084100000|  0%| F|  |TAMS 0x0000000084000000, 0x0000000084000000| Untracked 
|  39|0x0000000084100000, 0x0000000084100000, 0x0000000084200000|  0%| F|  |TAMS 0x0000000084100000, 0x0000000084100000| Untracked 
|  40|0x0000000084200000, 0x0000000084200000, 0x0000000084300000|  0%| F|  |TAMS 0x0000000084200000, 0x0000000084200000| Untracked 
|  41|0x0000000084300000, 0x0000000084300000, 0x0000000084400000|  0%| F|  |TAMS 0x0000000084300000, 0x0000000084300000| Untracked 
|  42|0x0000000084400000, 0x0000000084400000, 0x0000000084500000|  0%| F|  |TAMS 0x0000000084400000, 0x0000000084400000| Untracked 
|  43|0x0000000084500000, 0x0000000084500000, 0x0000000084600000|  0%| F|  |TAMS 0x0000000084500000, 0x0000000084500000| Untracked 
|  44|0x0000000084600000, 0x0000000084600000, 0x0000000084700000|  0%| F|  |TAMS 0x0000000084600000, 0x0000000084600000| Untracked 
|  45|0x0000000084700000, 0x0000000084700000, 0x0000000084800000|  0%| F|  |TAMS 0x0000000084700000, 0x0000000084700000| Untracked 
|  46|0x0000000084800000, 0x0000000084800000, 0x0000000084900000|  0%| F|  |TAMS 0x0000000084800000, 0x0000000084800000| Untracked 
|  47|0x0000000084900000, 0x0000000084900000, 0x0000000084a00000|  0%| F|  |TAMS 0x0000000084900000, 0x0000000084900000| Untracked 
|  48|0x0000000084a00000, 0x0000000084a00000, 0x0000000084b00000|  0%| F|  |TAMS 0x0000000084a00000, 0x0000000084a00000| Untracked 
|  49|0x0000000084b00000, 0x0000000084b00000, 0x0000000084c00000|  0%| F|  |TAMS 0x0000000084b00000, 0x0000000084b00000| Untracked 
|  50|0x0000000084c00000, 0x0000000084c00000, 0x0000000084d00000|  0%| F|  |TAMS 0x0000000084c00000, 0x0000000084c00000| Untracked 
|  51|0x0000000084d00000, 0x0000000084d00000, 0x0000000084e00000|  0%| F|  |TAMS 0x0000000084d00000, 0x0000000084d00000| Untracked 
|  52|0x0000000084e00000, 0x0000000084e00000, 0x0000000084f00000|  0%| F|  |TAMS 0x0000000084e00000, 0x0000000084e00000| Untracked 
|  53|0x0000000084f00000, 0x0000000084f00000, 0x0000000085000000|  0%| F|  |TAMS 0x0000000084f00000, 0x0000000084f00000| Untracked 
|  54|0x0000000085000000, 0x0000000085000000, 0x0000000085100000|  0%| F|  |TAMS 0x0000000085000000, 0x0000000085000000| Untracked 
|  55|0x0000000085100000, 0x0000000085100000, 0x0000000085200000|  0%| F|  |TAMS 0x0000000085100000, 0x0000000085100000| Untracked 
|  56|0x0000000085200000, 0x0000000085200000, 0x0000000085300000|  0%| F|  |TAMS 0x0000000085200000, 0x0000000085200000| Untracked 
|  57|0x0000000085300000, 0x0000000085300000, 0x0000000085400000|  0%| F|  |TAMS 0x0000000085300000, 0x0000000085300000| Untracked 
|  58|0x0000000085400000, 0x0000000085400000, 0x0000000085500000|  0%| F|  |TAMS 0x0000000085400000, 0x0000000085400000| Untracked 
|  59|0x0000000085500000, 0x0000000085500000, 0x0000000085600000|  0%| F|  |TAMS 0x0000000085500000, 0x0000000085500000| Untracked 
|  60|0x0000000085600000, 0x0000000085600000, 0x0000000085700000|  0%| F|  |TAMS 0x0000000085600000, 0x0000000085600000| Untracked 
|  61|0x0000000085700000, 0x0000000085700000, 0x0000000085800000|  0%| F|  |TAMS 0x0000000085700000, 0x0000000085700000| Untracked 
|  62|0x0000000085800000, 0x0000000085800000, 0x0000000085900000|  0%| F|  |TAMS 0x0000000085800000, 0x0000000085800000| Untracked 
|  63|0x0000000085900000, 0x0000000085900000, 0x0000000085a00000|  0%| F|  |TAMS 0x0000000085900000, 0x0000000085900000| Untracked 
|  64|0x0000000085a00000, 0x0000000085a00000, 0x0000000085b00000|  0%| F|  |TAMS 0x0000000085a00000, 0x0000000085a00000| Untracked 
|  65|0x0000000085b00000, 0x0000000085b00000, 0x0000000085c00000|  0%| F|  |TAMS 0x0000000085b00000, 0x0000000085b00000| Untracked 
|  66|0x0000000085c00000, 0x0000000085c00000, 0x0000000085d00000|  0%| F|  |TAMS 0x0000000085c00000, 0x0000000085c00000| Untracked 
|  67|0x0000000085d00000, 0x0000000085d00000, 0x0000000085e00000|  0%| F|  |TAMS 0x0000000085d00000, 0x0000000085d00000| Untracked 
|  68|0x0000000085e00000, 0x0000000085e00000, 0x0000000085f00000|  0%| F|  |TAMS 0x0000000085e00000, 0x0000000085e00000| Untracked 
|  69|0x0000000085f00000, 0x0000000085f00000, 0x0000000086000000|  0%| F|  |TAMS 0x0000000085f00000, 0x0000000085f00000| Untracked 
|  70|0x0000000086000000, 0x0000000086000000, 0x0000000086100000|  0%| F|  |TAMS 0x0000000086000000, 0x0000000086000000| Untracked 
|  71|0x0000000086100000, 0x0000000086100000, 0x0000000086200000|  0%| F|  |TAMS 0x0000000086100000, 0x0000000086100000| Untracked 
|  72|0x0000000086200000, 0x0000000086200000, 0x0000000086300000|  0%| F|  |TAMS 0x0000000086200000, 0x0000000086200000| Untracked 
|  73|0x0000000086300000, 0x0000000086300000, 0x0000000086400000|  0%| F|  |TAMS 0x0000000086300000, 0x0000000086300000| Untracked 
|  74|0x0000000086400000, 0x0000000086400000, 0x0000000086500000|  0%| F|  |TAMS 0x0000000086400000, 0x0000000086400000| Untracked 
|  75|0x0000000086500000, 0x0000000086500000, 0x0000000086600000|  0%| F|  |TAMS 0x0000000086500000, 0x0000000086500000| Untracked 
|  76|0x0000000086600000, 0x0000000086600000, 0x0000000086700000|  0%| F|  |TAMS 0x0000000086600000, 0x0000000086600000| Untracked 
|  77|0x0000000086700000, 0x0000000086700000, 0x0000000086800000|  0%| F|  |TAMS 0x0000000086700000, 0x0000000086700000| Untracked 
|  78|0x0000000086800000, 0x0000000086800000, 0x0000000086900000|  0%| F|  |TAMS 0x0000000086800000, 0x0000000086800000| Untracked 
|  79|0x0000000086900000, 0x0000000086900000, 0x0000000086a00000|  0%| F|  |TAMS 0x0000000086900000, 0x0000000086900000| Untracked 
|  80|0x0000000086a00000, 0x0000000086a00000, 0x0000000086b00000|  0%| F|  |TAMS 0x0000000086a00000, 0x0000000086a00000| Untracked 
|  81|0x0000000086b00000, 0x0000000086b00000, 0x0000000086c00000|  0%| F|  |TAMS 0x0000000086b00000, 0x0000000086b00000| Untracked 
|  82|0x0000000086c00000, 0x0000000086c00000, 0x0000000086d00000|  0%| F|  |TAMS 0x0000000086c00000, 0x0000000086c00000| Untracked 
|  83|0x0000000086d00000, 0x0000000086d00000, 0x0000000086e00000|  0%| F|  |TAMS 0x0000000086d00000, 0x0000000086d00000| Untracked 
|  84|0x0000000086e00000, 0x0000000086e00000, 0x0000000086f00000|  0%| F|  |TAMS 0x0000000086e00000, 0x0000000086e00000| Untracked 
|  85|0x0000000086f00000, 0x0000000086f00000, 0x0000000087000000|  0%| F|  |TAMS 0x0000000086f00000, 0x0000000086f00000| Untracked 
|  86|0x0000000087000000, 0x0000000087000000, 0x0000000087100000|  0%| F|  |TAMS 0x0000000087000000, 0x0000000087000000| Untracked 
|  87|0x0000000087100000, 0x0000000087100000, 0x0000000087200000|  0%| F|  |TAMS 0x0000000087100000, 0x0000000087100000| Untracked 
|  88|0x0000000087200000, 0x0000000087200000, 0x0000000087300000|  0%| F|  |TAMS 0x0000000087200000, 0x0000000087200000| Untracked 
|  89|0x0000000087300000, 0x0000000087300000, 0x0000000087400000|  0%| F|  |TAMS 0x0000000087300000, 0x0000000087300000| Untracked 
|  90|0x0000000087400000, 0x0000000087400000, 0x0000000087500000|  0%| F|  |TAMS 0x0000000087400000, 0x0000000087400000| Untracked 
|  91|0x0000000087500000, 0x0000000087500000, 0x0000000087600000|  0%| F|  |TAMS 0x0000000087500000, 0x0000000087500000| Untracked 
|  92|0x0000000087600000, 0x0000000087600000, 0x0000000087700000|  0%| F|  |TAMS 0x0000000087600000, 0x0000000087600000| Untracked 
|  93|0x0000000087700000, 0x0000000087700000, 0x0000000087800000|  0%| F|  |TAMS 0x0000000087700000, 0x0000000087700000| Untracked 
|  94|0x0000000087800000, 0x0000000087800000, 0x0000000087900000|  0%| F|  |TAMS 0x0000000087800000, 0x0000000087800000| Untracked 
|  95|0x0000000087900000, 0x0000000087900000, 0x0000000087a00000|  0%| F|  |TAMS 0x0000000087900000, 0x0000000087900000| Untracked 
|  96|0x0000000087a00000, 0x0000000087a00000, 0x0000000087b00000|  0%| F|  |TAMS 0x0000000087a00000, 0x0000000087a00000| Untracked 
|  97|0x0000000087b00000, 0x0000000087b00000, 0x0000000087c00000|  0%| F|  |TAMS 0x0000000087b00000, 0x0000000087b00000| Untracked 
|  98|0x0000000087c00000, 0x0000000087c00000, 0x0000000087d00000|  0%| F|  |TAMS 0x0000000087c00000, 0x0000000087c00000| Untracked 
|  99|0x0000000087d00000, 0x0000000087d00000, 0x0000000087e00000|  0%| F|  |TAMS 0x0000000087d00000, 0x0000000087d00000| Untracked 
| 100|0x0000000087e00000, 0x0000000087e00000, 0x0000000087f00000|  0%| F|  |TAMS 0x0000000087e00000, 0x0000000087e00000| Untracked 
| 101|0x0000000087f00000, 0x0000000087f00000, 0x0000000088000000|  0%| F|  |TAMS 0x0000000087f00000, 0x0000000087f00000| Untracked 
| 102|0x0000000088000000, 0x0000000088000000, 0x0000000088100000|  0%| F|  |TAMS 0x0000000088000000, 0x0000000088000000| Untracked 
| 103|0x0000000088100000, 0x00000000881cb180, 0x0000000088200000| 79%| S|CS|TAMS 0x0000000088100000, 0x0000000088100000| Complete 
| 104|0x0000000088200000, 0x0000000088200000, 0x0000000088300000|  0%| F|  |TAMS 0x0000000088200000, 0x0000000088200000| Untracked 
| 105|0x0000000088300000, 0x0000000088300000, 0x0000000088400000|  0%| F|  |TAMS 0x0000000088300000, 0x0000000088300000| Untracked 
| 106|0x0000000088400000, 0x0000000088400000, 0x0000000088500000|  0%| F|  |TAMS 0x0000000088400000, 0x0000000088400000| Untracked 
| 107|0x0000000088500000, 0x0000000088500000, 0x0000000088600000|  0%| F|  |TAMS 0x0000000088500000, 0x0000000088500000| Untracked 
| 108|0x0000000088600000, 0x0000000088700000, 0x0000000088700000|100%| E|  |TAMS 0x0000000088600000, 0x0000000088600000| Complete 
| 109|0x0000000088700000, 0x0000000088800000, 0x0000000088800000|100%| E|CS|TAMS 0x0000000088700000, 0x0000000088700000| Complete 
| 110|0x0000000088800000, 0x0000000088900000, 0x0000000088900000|100%| E|CS|TAMS 0x0000000088800000, 0x0000000088800000| Complete 
| 111|0x0000000088900000, 0x0000000088a00000, 0x0000000088a00000|100%| E|CS|TAMS 0x0000000088900000, 0x0000000088900000| Complete 
| 112|0x0000000088a00000, 0x0000000088b00000, 0x0000000088b00000|100%| E|CS|TAMS 0x0000000088a00000, 0x0000000088a00000| Complete 
| 113|0x0000000088b00000, 0x0000000088c00000, 0x0000000088c00000|100%| E|CS|TAMS 0x0000000088b00000, 0x0000000088b00000| Complete 
| 114|0x0000000088c00000, 0x0000000088d00000, 0x0000000088d00000|100%| E|CS|TAMS 0x0000000088c00000, 0x0000000088c00000| Complete 
| 115|0x0000000088d00000, 0x0000000088e00000, 0x0000000088e00000|100%| E|CS|TAMS 0x0000000088d00000, 0x0000000088d00000| Complete 
| 116|0x0000000088e00000, 0x0000000088f00000, 0x0000000088f00000|100%| E|CS|TAMS 0x0000000088e00000, 0x0000000088e00000| Complete 
| 117|0x0000000088f00000, 0x0000000089000000, 0x0000000089000000|100%| E|CS|TAMS 0x0000000088f00000, 0x0000000088f00000| Complete 
| 118|0x0000000089000000, 0x0000000089100000, 0x0000000089100000|100%| E|CS|TAMS 0x0000000089000000, 0x0000000089000000| Complete 
| 119|0x0000000089100000, 0x0000000089200000, 0x0000000089200000|100%| E|CS|TAMS 0x0000000089100000, 0x0000000089100000| Complete 
| 120|0x0000000089200000, 0x0000000089300000, 0x0000000089300000|100%| E|CS|TAMS 0x0000000089200000, 0x0000000089200000| Complete 
| 121|0x0000000089300000, 0x0000000089400000, 0x0000000089400000|100%| E|CS|TAMS 0x0000000089300000, 0x0000000089300000| Complete 
| 122|0x0000000089400000, 0x0000000089500000, 0x0000000089500000|100%| E|CS|TAMS 0x0000000089400000, 0x0000000089400000| Complete 
| 123|0x0000000089500000, 0x0000000089600000, 0x0000000089600000|100%| E|CS|TAMS 0x0000000089500000, 0x0000000089500000| Complete 
| 124|0x0000000089600000, 0x0000000089700000, 0x0000000089700000|100%| E|CS|TAMS 0x0000000089600000, 0x0000000089600000| Complete 
| 125|0x0000000089700000, 0x0000000089800000, 0x0000000089800000|100%| E|CS|TAMS 0x0000000089700000, 0x0000000089700000| Complete 
| 126|0x0000000089800000, 0x0000000089900000, 0x0000000089900000|100%| E|CS|TAMS 0x0000000089800000, 0x0000000089800000| Complete 
| 127|0x0000000089900000, 0x0000000089a00000, 0x0000000089a00000|100%| E|  |TAMS 0x0000000089900000, 0x0000000089900000| Complete 

Card table byte_map: [0x000001d8f8ab0000,0x000001d8f8eb0000] _byte_map_base: 0x000001d8f86a3000

Marking Bits (Prev, Next): (CMBitMap*) 0x000001d8e61793e0, (CMBitMap*) 0x000001d8e6179420
 Prev Bits: [0x000001d8f92b0000, 0x000001d8fb248000)
 Next Bits: [0x000001d8fb250000, 0x000001d8fd1e8000)

Polling page: 0x000001d8e5920000

Metaspace:

Usage:
  Non-class:     16.01 MB used.
      Class:      1.67 MB used.
       Both:     17.68 MB used.

Virtual space:
  Non-class space:       24.00 MB reserved,      16.12 MB ( 67%) committed,  3 nodes.
      Class space:        1.00 GB reserved,       1.75 MB ( <1%) committed,  1 nodes.
              Both:        1.02 GB reserved,      17.88 MB (  2%) committed. 

Chunk freelists:
   Non-Class:  3.00 MB
       Class:  2.16 MB
        Both:  5.15 MB

MaxMetaspaceSize: 17179869184.00 GB
CompressedClassSpaceSize: 1.00 GB
 - commit_granule_bytes: 65536.
 - commit_granule_words: 8192.
 - virtual_space_node_default_size: 1048576.
 - enlarge_chunks_in_place: 1.
 - new_chunks_are_fully_committed: 0.
 - uncommit_free_chunks: 1.
 - use_allocation_guard: 0.
 - handle_deallocations: 1.


Internal statistics:

num_allocs_failed_limit: 0.
num_arena_births: 58.
num_arena_deaths: 0.
num_vsnodes_births: 4.
num_vsnodes_deaths: 0.
num_space_committed: 286.
num_space_uncommitted: 0.
num_chunks_returned_to_freelist: 0.
num_chunks_taken_from_freelist: 197.
num_chunk_merges: 0.
num_chunk_splits: 103.
num_chunks_enlarged: 64.
num_purges: 0.

CodeHeap 'non-profiled nmethods': size=120000Kb used=906Kb max_used=906Kb free=119093Kb
 bounds [0x000001d8f1180000, 0x000001d8f13f0000, 0x000001d8f86b0000]
CodeHeap 'profiled nmethods': size=120000Kb used=4366Kb max_used=4366Kb free=115634Kb
 bounds [0x000001d8e9c50000, 0x000001d8ea0a0000, 0x000001d8f1180000]
CodeHeap 'non-nmethods': size=5760Kb used=1190Kb max_used=1242Kb free=4570Kb
 bounds [0x000001d8e96b0000, 0x000001d8e9920000, 0x000001d8e9c50000]
 total_blobs=2656 nmethods=2176 adapters=393
 compilation: enabled
              stopped_count=0, restarted_count=0
 full_count=0

Compilation events (20 events):
Event: 4.170 Thread 0x000001d880917940 2192       3       com.sun.crypto.provider.CipherCore::doFinal (246 bytes)
Event: 4.171 Thread 0x000001d880917940 nmethod 2192 0x000001d8ea08a890 code [0x000001d8ea08abe0, 0x000001d8ea08bf28]
Event: 4.171 Thread 0x000001d880917940 2193       3       com.sun.crypto.provider.CipherCore::checkOutputCapacity (74 bytes)
Event: 4.171 Thread 0x000001d880917940 nmethod 2193 0x000001d8ea08c610 code [0x000001d8ea08c860, 0x000001d8ea08cfe8]
Event: 4.182 Thread 0x000001d880917940 2196  s    3       java.io.BufferedInputStream::available (35 bytes)
Event: 4.182 Thread 0x000001d880917940 nmethod 2196 0x000001d8ea08d310 code [0x000001d8ea08d4e0, 0x000001d8ea08d918]
Event: 4.208 Thread 0x000001d880917940 2199       3       sun.security.ssl.NamedGroup::isAvailable (51 bytes)
Event: 4.208 Thread 0x000001d880917940 nmethod 2199 0x000001d8ea08da90 code [0x000001d8ea08dc60, 0x000001d8ea08dfc8]
Event: 4.209 Thread 0x000001d880917940 2200       3       sun.security.util.math.intpoly.IntegerPolynomial$ImmutableElement::<init> (12 bytes)
Event: 4.209 Thread 0x000001d880917940 nmethod 2200 0x000001d8ea08e110 code [0x000001d8ea08e2c0, 0x000001d8ea08e448]
Event: 4.209 Thread 0x000001d880917940 2201       3       sun.security.util.math.intpoly.IntegerPolynomial$Element::<init> (40 bytes)
Event: 4.209 Thread 0x000001d880917940 nmethod 2201 0x000001d8ea08e510 code [0x000001d8ea08e6c0, 0x000001d8ea08ea18]
Event: 4.210 Thread 0x000001d880917940 2203       3       sun.security.ec.point.ProjectivePoint::<init> (20 bytes)
Event: 4.210 Thread 0x000001d880917940 nmethod 2203 0x000001d8ea08eb10 code [0x000001d8ea08ecc0, 0x000001d8ea08ef38]
Event: 4.211 Thread 0x000001d880917940 2204       3       java.nio.ByteBuffer::put (9 bytes)
Event: 4.212 Thread 0x000001d880917940 nmethod 2204 0x000001d8ea08f010 code [0x000001d8ea08f1c0, 0x000001d8ea08f388]
Event: 4.229 Thread 0x000001d880917940 2205       3       java.nio.ByteBuffer::get (9 bytes)
Event: 4.230 Thread 0x000001d880917940 nmethod 2205 0x000001d8ea08f490 code [0x000001d8ea08f640, 0x000001d8ea08f808]
Event: 4.231 Thread 0x000001d880917940 2206       3       java.lang.StringBuilder::append (6 bytes)
Event: 4.232 Thread 0x000001d880917940 nmethod 2206 0x000001d8ea08f910 code [0x000001d8ea08fac0, 0x000001d8ea08fc68]

GC Heap History (6 events):
Event: 0.860 GC heap before
{Heap before GC invocations=0 (full 0):
 garbage-first heap   total 131072K, used 12288K [0x0000000081a00000, 0x0000000100000000)
  region size 1024K, 13 young (13312K), 0 survivors (0K)
 Metaspace       used 12845K, committed 13056K, reserved 1064960K
  class space    used 1191K, committed 1280K, reserved 1048576K
}
Event: 0.866 GC heap after
{Heap after GC invocations=1 (full 0):
 garbage-first heap   total 131072K, used 3025K [0x0000000081a00000, 0x0000000100000000)
  region size 1024K, 2 young (2048K), 2 survivors (2048K)
 Metaspace       used 12845K, committed 13056K, reserved 1064960K
  class space    used 1191K, committed 1280K, reserved 1048576K
}
Event: 2.076 GC heap before
{Heap before GC invocations=1 (full 0):
 garbage-first heap   total 131072K, used 15313K [0x0000000081a00000, 0x0000000100000000)
  region size 1024K, 15 young (15360K), 2 survivors (2048K)
 Metaspace       used 17493K, committed 17664K, reserved 1064960K
  class space    used 1705K, committed 1792K, reserved 1048576K
}
Event: 2.083 GC heap after
{Heap after GC invocations=2 (full 0):
 garbage-first heap   total 131072K, used 5711K [0x0000000081a00000, 0x0000000100000000)
  region size 1024K, 2 young (2048K), 2 survivors (2048K)
 Metaspace       used 17493K, committed 17664K, reserved 1064960K
  class space    used 1705K, committed 1792K, reserved 1048576K
}
Event: 3.425 GC heap before
{Heap before GC invocations=2 (full 0):
 garbage-first heap   total 131072K, used 27215K [0x0000000081a00000, 0x0000000100000000)
  region size 1024K, 24 young (24576K), 2 survivors (2048K)
 Metaspace       used 17906K, committed 18048K, reserved 1064960K
  class space    used 1713K, committed 1792K, reserved 1048576K
}
Event: 3.429 GC heap after
{Heap after GC invocations=3 (full 0):
 garbage-first heap   total 131072K, used 6344K [0x0000000081a00000, 0x0000000100000000)
  region size 1024K, 1 young (1024K), 1 survivors (1024K)
 Metaspace       used 17906K, committed 18048K, reserved 1064960K
  class space    used 1713K, committed 1792K, reserved 1048576K
}

Deoptimization events (20 events):
Event: 4.179 Thread 0x000001d8e6138780 Uncommon trap: trap_request=0xffffffbe fr.pc=0x000001d8f1261ebc relative=0x000000000000107c
Event: 4.179 Thread 0x000001d8e6138780 Uncommon trap: reason=profile_predicate action=maybe_recompile pc=0x000001d8f1261ebc method=org.jsoup.parser.HtmlTreeBuilder.inSpecificScope([Ljava/lang/String;[Ljava/lang/String;[Ljava/lang/String;)Z @ 37 c2
Event: 4.179 Thread 0x000001d8e6138780 DEOPT PACKING pc=0x000001d8f1261ebc sp=0x000000d28dafec40
Event: 4.179 Thread 0x000001d8e6138780 DEOPT UNPACKING pc=0x000001d8e96fd72e sp=0x000000d28dafebe8 mode 2
Event: 4.179 Thread 0x000001d8e6138780 Uncommon trap: trap_request=0xffffffbe fr.pc=0x000001d8f1261ebc relative=0x000000000000107c
Event: 4.179 Thread 0x000001d8e6138780 Uncommon trap: reason=profile_predicate action=maybe_recompile pc=0x000001d8f1261ebc method=org.jsoup.parser.HtmlTreeBuilder.inSpecificScope([Ljava/lang/String;[Ljava/lang/String;[Ljava/lang/String;)Z @ 37 c2
Event: 4.179 Thread 0x000001d8e6138780 DEOPT PACKING pc=0x000001d8f1261ebc sp=0x000000d28dafea70
Event: 4.179 Thread 0x000001d8e6138780 DEOPT UNPACKING pc=0x000001d8e96fd72e sp=0x000000d28dafea18 mode 2
Event: 4.179 Thread 0x000001d8e6138780 Uncommon trap: trap_request=0xffffffbe fr.pc=0x000001d8f1261ebc relative=0x000000000000107c
Event: 4.179 Thread 0x000001d8e6138780 Uncommon trap: reason=profile_predicate action=maybe_recompile pc=0x000001d8f1261ebc method=org.jsoup.parser.HtmlTreeBuilder.inSpecificScope([Ljava/lang/String;[Ljava/lang/String;[Ljava/lang/String;)Z @ 37 c2
Event: 4.179 Thread 0x000001d8e6138780 DEOPT PACKING pc=0x000001d8f1261ebc sp=0x000000d28dafea70
Event: 4.179 Thread 0x000001d8e6138780 DEOPT UNPACKING pc=0x000001d8e96fd72e sp=0x000000d28dafea18 mode 2
Event: 4.179 Thread 0x000001d8e6138780 Uncommon trap: trap_request=0xffffffbe fr.pc=0x000001d8f1261ebc relative=0x000000000000107c
Event: 4.179 Thread 0x000001d8e6138780 Uncommon trap: reason=profile_predicate action=maybe_recompile pc=0x000001d8f1261ebc method=org.jsoup.parser.HtmlTreeBuilder.inSpecificScope([Ljava/lang/String;[Ljava/lang/String;[Ljava/lang/String;)Z @ 37 c2
Event: 4.179 Thread 0x000001d8e6138780 DEOPT PACKING pc=0x000001d8f1261ebc sp=0x000000d28dafec40
Event: 4.179 Thread 0x000001d8e6138780 DEOPT UNPACKING pc=0x000001d8e96fd72e sp=0x000000d28dafebe8 mode 2
Event: 4.192 Thread 0x000001d8e6138780 Uncommon trap: trap_request=0xffffffbe fr.pc=0x000001d8f1257a08 relative=0x00000000000002e8
Event: 4.192 Thread 0x000001d8e6138780 Uncommon trap: reason=profile_predicate action=maybe_recompile pc=0x000001d8f1257a08 method=java.lang.StringUTF16.indexOfLatin1Unsafe([BI[BII)I @ 99 c2
Event: 4.192 Thread 0x000001d8e6138780 DEOPT PACKING pc=0x000001d8f1257a08 sp=0x000000d28dafec10
Event: 4.192 Thread 0x000001d8e6138780 DEOPT UNPACKING pc=0x000001d8e96fd72e sp=0x000000d28dafeb98 mode 2

Classes unloaded (0 events):
No events

Classes redefined (0 events):
No events

Internal exceptions (19 events):
Event: 0.253 Thread 0x000001d8e6138780 Exception <a 'java/lang/NoSuchMethodError'{0x000000008986d5a0}: 'void java.lang.invoke.DirectMethodHandle$Holder.invokeSpecial(java.lang.Object, java.lang.Object, java.lang.Object)'> (0x000000008986d5a0) 
thrown [t:\workspace\open\src\hotspot\share\interpreter\linkResolver.cpp, line 790]
Event: 0.435 Thread 0x000001d8e6138780 Exception <a 'sun/nio/fs/WindowsException'{0x0000000089556720}> (0x0000000089556720) 
thrown [t:\workspace\open\src\hotspot\share\prims\jni.cpp, line 579]
Event: 0.457 Thread 0x000001d8e6138780 Exception <a 'java/lang/NoSuchMethodError'{0x000000008957cc60}: 'int java.lang.invoke.DirectMethodHandle$Holder.invokeStaticInit(java.lang.Object, java.lang.Object, java.lang.Object, java.lang.Object)'> (0x000000008957cc60) 
thrown [t:\workspace\open\src\hotspot\share\interpreter\linkResolver.cpp, line 790]
Event: 0.459 Thread 0x000001d8e6138780 Exception <a 'java/lang/NoSuchMethodError'{0x00000000895872f0}: 'java.lang.Object java.lang.invoke.DirectMethodHandle$Holder.invokeInterface(java.lang.Object, java.lang.Object)'> (0x00000000895872f0) 
thrown [t:\workspace\open\src\hotspot\share\interpreter\linkResolver.cpp, line 790]
Event: 0.459 Thread 0x000001d8e6138780 Exception <a 'java/lang/IncompatibleClassChangeError'{0x000000008958ae10}: Found class java.lang.Object, but interface was expected> (0x000000008958ae10) 
thrown [t:\workspace\open\src\hotspot\share\interpreter\linkResolver.cpp, line 857]
Event: 0.460 Thread 0x000001d8e6138780 Exception <a 'java/lang/NoSuchMethodError'{0x000000008958e208}: 'void java.lang.invoke.DirectMethodHandle$Holder.invokeStatic(java.lang.Object, java.lang.Object)'> (0x000000008958e208) 
thrown [t:\workspace\open\src\hotspot\share\interpreter\linkResolver.cpp, line 790]
Event: 0.461 Thread 0x000001d8e6138780 Exception <a 'java/lang/NoSuchMethodError'{0x0000000089591d28}: 'void java.lang.invoke.DirectMethodHandle$Holder.invokeStaticInit(java.lang.Object, java.lang.Object)'> (0x0000000089591d28) 
thrown [t:\workspace\open\src\hotspot\share\interpreter\linkResolver.cpp, line 790]
Event: 0.462 Thread 0x000001d8e6138780 Exception <a 'java/lang/NoSuchMethodError'{0x0000000089598720}: 'int java.lang.invoke.DirectMethodHandle$Holder.invokeStaticInit(java.lang.Object, java.lang.Object)'> (0x0000000089598720) 
thrown [t:\workspace\open\src\hotspot\share\interpreter\linkResolver.cpp, line 790]
Event: 0.536 Thread 0x000001d8e6138780 Exception <a 'java/lang/NoSuchMethodError'{0x00000000893bf9f8}: 'java.lang.Object java.lang.invoke.DirectMethodHandle$Holder.invokeStatic(java.lang.Object)'> (0x00000000893bf9f8) 
thrown [t:\workspace\open\src\hotspot\share\interpreter\linkResolver.cpp, line 790]
Event: 0.551 Thread 0x000001d8e6138780 Implicit null exception at 0x000001d8f11a20f5 to 0x000001d8f11a26dc
Event: 0.647 Thread 0x000001d8e6138780 Exception <a 'java/lang/NoSuchMethodError'{0x0000000088f61518}: 'java.lang.Object java.lang.invoke.DirectMethodHandle$Holder.invokeStaticInit(java.lang.Object, int, int, int, int)'> (0x0000000088f61518) 
thrown [t:\workspace\open\src\hotspot\share\interpreter\linkResolver.cpp, line 790]
Event: 0.720 Thread 0x000001d8e6138780 Exception <a 'java/lang/NoSuchMethodError'{0x0000000088e20e50}: 'java.lang.Object java.lang.invoke.DirectMethodHandle$Holder.invokeStaticInit(java.lang.Object, java.lang.Object, int, int, int, int)'> (0x0000000088e20e50) 
thrown [t:\workspace\open\src\hotspot\share\interpreter\linkResolver.cpp, line 790]
Event: 0.737 Thread 0x000001d8e6138780 Exception <a 'java/lang/NoSuchMethodError'{0x0000000088e3a5a8}: 'java.lang.Object java.lang.invoke.DirectMethodHandle$Holder.invokeStaticInit(java.lang.Object)'> (0x0000000088e3a5a8) 
thrown [t:\workspace\open\src\hotspot\share\interpreter\linkResolver.cpp, line 790]
Event: 0.956 Thread 0x000001d8e6138780 Exception <a 'java/lang/NoSuchMethodError'{0x00000000898ce348}: 'void java.lang.invoke.DirectMethodHandle$Holder.invokeStatic(java.lang.Object, java.lang.Object, java.lang.Object)'> (0x00000000898ce348) 
thrown [t:\workspace\open\src\hotspot\share\interpreter\linkResolver.cpp, line 790]
Event: 0.984 Thread 0x000001d8e6138780 Implicit null exception at 0x000001d8f11abfac to 0x000001d8f11ac171
Event: 4.179 Thread 0x000001d8e6138780 Implicit null exception at 0x000001d8f1260ee7 to 0x000001d8f1261e97
Event: 4.179 Thread 0x000001d8e6138780 Implicit null exception at 0x000001d8f1260ee7 to 0x000001d8f1261e97
Event: 4.179 Thread 0x000001d8e6138780 Implicit null exception at 0x000001d8f1260ee7 to 0x000001d8f1261e97
Event: 4.179 Thread 0x000001d8e6138780 Implicit null exception at 0x000001d8f1260ee7 to 0x000001d8f1261e97

Events (20 events):
Event: 2.822 Thread 0x000001d882065fd0 Thread added: 0x000001d882065fd0
Event: 2.825 Thread 0x000001d882065fd0 Thread exited: 0x000001d882065fd0
Event: 3.043 Thread 0x000001d880f3db50 Thread added: 0x000001d880f3db50
Event: 3.045 Thread 0x000001d880f3db50 Thread exited: 0x000001d880f3db50
Event: 3.233 Thread 0x000001d88226e340 Thread added: 0x000001d88226e340
Event: 3.234 Executing  VM operation: ICBufferFull
Event: 3.236 Executing  VM operation: ICBufferFull done
Event: 3.236 Thread 0x000001d88226e340 Thread exited: 0x000001d88226e340
Event: 3.425 Executing  VM operation: G1CollectForAllocation
Event: 3.429 Executing  VM operation: G1CollectForAllocation done
Event: 3.486 Thread 0x000001d881027dc0 Thread added: 0x000001d881027dc0
Event: 3.487 Thread 0x000001d881027dc0 Thread exited: 0x000001d881027dc0
Event: 3.698 Thread 0x000001d881075510 Thread added: 0x000001d881075510
Event: 3.702 Thread 0x000001d881075510 Thread exited: 0x000001d881075510
Event: 3.840 Thread 0x000001d880ddda10 Thread added: 0x000001d880ddda10
Event: 3.843 Thread 0x000001d880ddda10 Thread exited: 0x000001d880ddda10
Event: 4.043 Thread 0x000001d8822efb70 Thread added: 0x000001d8822efb70
Event: 4.045 Thread 0x000001d8822efb70 Thread exited: 0x000001d8822efb70
Event: 4.231 Thread 0x000001d8821deab0 Thread added: 0x000001d8821deab0
Event: 4.235 Thread 0x000001d8821deab0 Thread exited: 0x000001d8821deab0


Dynamic libraries:
0x00007ff664930000 - 0x00007ff66493e000 	C:\eclipse\plugins\org.eclipse.justj.openjdk.hotspot.jre.full.win32.x86_64_16.0.1.v20210528-1205\jre\bin\javaw.exe
0x00007ff969070000 - 0x00007ff969265000 	C:\Windows\SYSTEM32\ntdll.dll
0x00007ff968f70000 - 0x00007ff96902d000 	C:\Windows\System32\KERNEL32.DLL
0x00007ff966b50000 - 0x00007ff966e19000 	C:\Windows\System32\KERNELBASE.dll
0x00007ff966940000 - 0x00007ff966a40000 	C:\Windows\System32\ucrtbase.dll
0x00007ff939890000 - 0x00007ff9398a8000 	C:\eclipse\plugins\org.eclipse.justj.openjdk.hotspot.jre.full.win32.x86_64_16.0.1.v20210528-1205\jre\bin\jli.dll
0x00007ff968000000 - 0x00007ff9681a0000 	C:\Windows\System32\USER32.dll
0x00007ff966850000 - 0x00007ff966872000 	C:\Windows\System32\win32u.dll
0x00007ff967430000 - 0x00007ff96745a000 	C:\Windows\System32\GDI32.dll
0x00007ff966a40000 - 0x00007ff966b4b000 	C:\Windows\System32\gdi32full.dll
0x00007ff967030000 - 0x00007ff9670cd000 	C:\Windows\System32\msvcp_win.dll
0x00007ff940960000 - 0x00007ff940979000 	C:\eclipse\plugins\org.eclipse.justj.openjdk.hotspot.jre.full.win32.x86_64_16.0.1.v20210528-1205\jre\bin\VCRUNTIME140.dll
0x00007ff950cc0000 - 0x00007ff950f5a000 	C:\Windows\WinSxS\amd64_microsoft.windows.common-controls_6595b64144ccf1df_6.0.19041.1110_none_60b5254171f9507e\COMCTL32.dll
0x00007ff967780000 - 0x00007ff96781e000 	C:\Windows\System32\msvcrt.dll
0x00007ff968ac0000 - 0x00007ff968af0000 	C:\Windows\System32\IMM32.DLL
0x00007ff954aa0000 - 0x00007ff954aac000 	C:\eclipse\plugins\org.eclipse.justj.openjdk.hotspot.jre.full.win32.x86_64_16.0.1.v20210528-1205\jre\bin\vcruntime140_1.dll
0x00007ff934490000 - 0x00007ff934521000 	C:\eclipse\plugins\org.eclipse.justj.openjdk.hotspot.jre.full.win32.x86_64_16.0.1.v20210528-1205\jre\bin\msvcp140.dll
0x00007ff900980000 - 0x00007ff90152b000 	C:\eclipse\plugins\org.eclipse.justj.openjdk.hotspot.jre.full.win32.x86_64_16.0.1.v20210528-1205\jre\bin\server\jvm.dll
0x00007ff968340000 - 0x00007ff9683ec000 	C:\Windows\System32\ADVAPI32.dll
0x00007ff967820000 - 0x00007ff9678bb000 	C:\Windows\System32\sechost.dll
0x00007ff968210000 - 0x00007ff96833a000 	C:\Windows\System32\RPCRT4.dll
0x00007ff968f60000 - 0x00007ff968f68000 	C:\Windows\System32\PSAPI.DLL
0x00007ff947eb0000 - 0x00007ff947eb9000 	C:\Windows\SYSTEM32\WSOCK32.dll
0x00007ff9689d0000 - 0x00007ff968a3b000 	C:\Windows\System32\WS2_32.dll
0x00007ff9507e0000 - 0x00007ff950807000 	C:\Windows\SYSTEM32\WINMM.dll
0x00007ff95d820000 - 0x00007ff95d82a000 	C:\Windows\SYSTEM32\VERSION.dll
0x00007ff9646b0000 - 0x00007ff9646c2000 	C:\Windows\SYSTEM32\kernel.appcore.dll
0x00007ff963460000 - 0x00007ff96346a000 	C:\eclipse\plugins\org.eclipse.justj.openjdk.hotspot.jre.full.win32.x86_64_16.0.1.v20210528-1205\jre\bin\jimage.dll
0x00007ff946ff0000 - 0x00007ff9471d4000 	C:\Windows\SYSTEM32\DBGHELP.DLL
0x00007ff9463b0000 - 0x00007ff9463dc000 	C:\Windows\SYSTEM32\dbgcore.DLL
0x00007ff9668b0000 - 0x00007ff966933000 	C:\Windows\System32\bcryptPrimitives.dll
0x00007ff957540000 - 0x00007ff957565000 	C:\eclipse\plugins\org.eclipse.justj.openjdk.hotspot.jre.full.win32.x86_64_16.0.1.v20210528-1205\jre\bin\java.dll
0x00007ff957000000 - 0x00007ff957018000 	C:\eclipse\plugins\org.eclipse.justj.openjdk.hotspot.jre.full.win32.x86_64_16.0.1.v20210528-1205\jre\bin\zip.dll
0x00007ff9678c0000 - 0x00007ff967fff000 	C:\Windows\System32\SHELL32.dll
0x00007ff9648b0000 - 0x00007ff965040000 	C:\Windows\SYSTEM32\windows.storage.dll
0x00007ff9670d0000 - 0x00007ff967425000 	C:\Windows\System32\combase.dll
0x00007ff966200000 - 0x00007ff96622c000 	C:\Windows\SYSTEM32\Wldp.dll
0x00007ff968eb0000 - 0x00007ff968f5e000 	C:\Windows\System32\SHCORE.dll
0x00007ff967510000 - 0x00007ff967565000 	C:\Windows\System32\shlwapi.dll
0x00007ff9666e0000 - 0x00007ff9666ff000 	C:\Windows\SYSTEM32\profapi.dll
0x00007ff956fe0000 - 0x00007ff956ff9000 	C:\eclipse\plugins\org.eclipse.justj.openjdk.hotspot.jre.full.win32.x86_64_16.0.1.v20210528-1205\jre\bin\net.dll
0x00007ff95f500000 - 0x00007ff95f608000 	C:\Windows\SYSTEM32\WINHTTP.dll
0x00007ff965f60000 - 0x00007ff965fca000 	C:\Windows\system32\mswsock.dll
0x00007ff956fc0000 - 0x00007ff956fd3000 	C:\eclipse\plugins\org.eclipse.justj.openjdk.hotspot.jre.full.win32.x86_64_16.0.1.v20210528-1205\jre\bin\nio.dll
0x00007ff957190000 - 0x00007ff95719e000 	C:\eclipse\plugins\org.eclipse.justj.openjdk.hotspot.jre.full.win32.x86_64_16.0.1.v20210528-1205\jre\bin\sunmscapi.dll
0x00007ff966ed0000 - 0x00007ff96702f000 	C:\Windows\System32\CRYPT32.dll
0x00007ff966270000 - 0x00007ff966297000 	C:\Windows\SYSTEM32\ncrypt.dll
0x00007ff966230000 - 0x00007ff96626b000 	C:\Windows\SYSTEM32\NTASN1.dll
0x00007ff966150000 - 0x00007ff966168000 	C:\Windows\SYSTEM32\CRYPTSP.dll
0x00007ff965870000 - 0x00007ff9658a4000 	C:\Windows\system32\rsaenh.dll
0x00007ff966880000 - 0x00007ff9668a7000 	C:\Windows\System32\bcrypt.dll
0x00007ff966660000 - 0x00007ff96668e000 	C:\Windows\SYSTEM32\USERENV.dll
0x00007ff966170000 - 0x00007ff96617c000 	C:\Windows\SYSTEM32\CRYPTBASE.dll
0x00007ff965c00000 - 0x00007ff965c3b000 	C:\Windows\SYSTEM32\IPHLPAPI.DLL
0x00007ff968af0000 - 0x00007ff968af8000 	C:\Windows\System32\NSI.dll
0x00007ff95d7f0000 - 0x00007ff95d807000 	C:\Windows\SYSTEM32\dhcpcsvc6.DLL
0x00007ff95e1f0000 - 0x00007ff95e20d000 	C:\Windows\SYSTEM32\dhcpcsvc.DLL
0x00007ff965c40000 - 0x00007ff965d0c000 	C:\Windows\SYSTEM32\DNSAPI.dll
0x00007ff95e210000 - 0x00007ff95e21a000 	C:\Windows\System32\rasadhlp.dll
0x00007ff954040000 - 0x00007ff9540bf000 	C:\Windows\System32\fwpuclnt.dll

dbghelp: loaded successfully - version: 4.0.5 - missing functions: none
symbol engine: initialized successfully - sym options: 0x614 - pdb path: .;C:\eclipse\plugins\org.eclipse.justj.openjdk.hotspot.jre.full.win32.x86_64_16.0.1.v20210528-1205\jre\bin;C:\Windows\SYSTEM32;C:\Windows\WinSxS\amd64_microsoft.windows.common-controls_6595b64144ccf1df_6.0.19041.1110_none_60b5254171f9507e;C:\eclipse\plugins\org.eclipse.justj.openjdk.hotspot.jre.full.win32.x86_64_16.0.1.v20210528-1205\jre\bin\server

VM Arguments:
jvm_args: -Dfile.encoding=UTF-8 -XX:+ShowCodeDetailsInExceptionMessages 
java_command: Apllication.Apllication
java_class_path (initial): D:\gitHub\toyproject_team\toyProjectTeam\bin;D:\SelfStudy\jsoup test\jsoup-1.14.3.jar
Launcher Type: SUN_STANDARD

[Global flags]
     intx CICompilerCount                          = 3                                         {product} {ergonomic}
     uint ConcGCThreads                            = 1                                         {product} {ergonomic}
     uint G1ConcRefinementThreads                  = 4                                         {product} {ergonomic}
   size_t G1HeapRegionSize                         = 1048576                                   {product} {ergonomic}
    uintx GCDrainStackTargetSize                   = 64                                        {product} {ergonomic}
   size_t InitialHeapSize                          = 134217728                                 {product} {ergonomic}
   size_t MarkStackSize                            = 4194304                                   {product} {ergonomic}
   size_t MaxHeapSize                              = 2120220672                                {product} {ergonomic}
   size_t MaxNewSize                               = 1271922688                                {product} {ergonomic}
   size_t MinHeapDeltaBytes                        = 1048576                                   {product} {ergonomic}
   size_t MinHeapSize                              = 8388608                                   {product} {ergonomic}
    uintx NonNMethodCodeHeapSize                   = 5832780                                {pd product} {ergonomic}
    uintx NonProfiledCodeHeapSize                  = 122912730                              {pd product} {ergonomic}
    uintx ProfiledCodeHeapSize                     = 122912730                              {pd product} {ergonomic}
    uintx ReservedCodeCacheSize                    = 251658240                              {pd product} {ergonomic}
     bool SegmentedCodeCache                       = true                                      {product} {ergonomic}
     bool ShowCodeDetailsInExceptionMessages       = true                                   {manageable} {command line}
   size_t SoftMaxHeapSize                          = 2120220672                             {manageable} {ergonomic}
     bool UseCompressedClassPointers               = true                           {product lp64_product} {ergonomic}
     bool UseCompressedOops                        = true                           {product lp64_product} {ergonomic}
     bool UseG1GC                                  = true                                      {product} {ergonomic}
     bool UseLargePagesIndividualAllocation        = false                                  {pd product} {ergonomic}

Logging:
Log output configuration:
 #0: stdout all=warning uptime,level,tags
 #1: stderr all=off uptime,level,tags

Environment Variables:
JAVA_HOME=C:\Program Files\Java\jdk-11.0.12\bin
PATH=C:/eclipse//plugins/org.eclipse.justj.openjdk.hotspot.jre.full.win32.x86_64_16.0.1.v20210528-1205/jre/bin/server;C:/eclipse//plugins/org.eclipse.justj.openjdk.hotspot.jre.full.win32.x86_64_16.0.1.v20210528-1205/jre/bin;C:\oraclexe\app\oracle\product\11.2.0\server\bin;;C:\Program Files\Common Files\Oracle\Java\javapath;C:\Windows\system32;C:\Windows;C:\Windows\System32\Wbem;C:\Windows\System32\WindowsPowerShell\v1.0\;C:\Windows\System32\OpenSSH\;C:\Program Files\NVIDIA Corporation\NVIDIA NvDLISR;C:\Program Files (x86)\NVIDIA Corporation\PhysX\Common;C:\Program Files\Git\cmd;C:\Program Files\Microsoft SQL Server\Client SDK\ODBC\170\Tools\Binn\;C:\Program Files (x86)\Microsoft SQL Server\150\Tools\Binn\;C:\Program Files\Microsoft SQL Server\150\Tools\Binn\;C:\Program Files\Microsoft SQL Server\150\DTS\Binn\;C:\Program Files (x86)\Microsoft SQL Server\150\DTS\Binn\;C:\Program Files\Azure Data Studio\bin;C:\Program Files\Microsoft VS Code\bin;C:\Program Files\dotnet\;C:\Users\A\AppData\Local\Microsoft\WindowsApps;C:\Program Files\Bandizip\;C:\Users\A\AppData\Local\GitHubDesktop\bin;C:\Program Files\Azure Data Studio\bin;C:\eclipse;
USERNAME=A
OS=Windows_NT
PROCESSOR_IDENTIFIER=Intel64 Family 6 Model 94 Stepping 3, GenuineIntel



---------------  S Y S T E M  ---------------

OS:
 Windows 10 , 64 bit Build 19041 (10.0.19041.1151)
OS uptime: 12 days 0:21 hours

CPU: total 4 (initial active 4) (4 cores per cpu, 1 threads per core) family 6 model 94 stepping 3 microcode 0xcc, cx8, cmov, fxsr, mmx, 3dnowpref, sse, sse2, sse3, ssse3, sse4.1, sse4.2, popcnt, lzcnt, tsc, tscinvbit, avx, avx2, aes, erms, clmul, bmi1, bmi2, rtm, adx, fma, vzeroupper, clflush, clflushopt

Memory: 4k page, system-wide physical 8080M (271M free)
TotalPageFile size 22308M (AvailPageFile size 8M)
current process WorkingSet (physical memory assigned to process): 112M, peak: 112M
current process commit charge ("private bytes"): 239M, peak: 239M

vm_info: OpenJDK 64-Bit Server VM (16.0.1+9-24) for windows-amd64 JRE (16.0.1+9-24), built on Mar 26 2021 19:30:07 by "mach5one" with MS VC++ 16.7 (VS2019)

END.
